<?xml version="1.0" encoding="UTF-8"?>
<testng-results ignored="0" total="7" passed="6" failed="1" skipped="0">
  <reporter-output>
  </reporter-output>
  <suite started-at="2020-10-28T18:20:51 IST" name="Suite" finished-at="2020-10-28T18:22:07 IST" duration-ms="75429">
    <groups>
    </groups>
    <test started-at="2020-10-28T18:20:51 IST" name="App Testing" finished-at="2020-10-28T18:20:51 IST" duration-ms="26">
    </test> <!-- App Testing -->
    <test started-at="2020-10-28T18:20:51 IST" name="validating nav bar" finished-at="2020-10-28T18:21:10 IST" duration-ms="18437">
      <class name="Academy.E2EProjct.validatenavbar">
        <test-method is-config="true" signature="vuserinit()[pri:0, instance:Academy.E2EProjct.validatenavbar@3676ac27]" started-at="2020-10-28T18:20:51 IST" name="vuserinit" finished-at="2020-10-28T18:21:09 IST" duration-ms="17527" status="PASS">
          <reporter-output>
          </reporter-output>
        </test-method> <!-- vuserinit -->
        <test-method signature="ValidationtNavBar()[pri:0, instance:Academy.E2EProjct.validatenavbar@3676ac27]" started-at="2020-10-28T18:21:09 IST" name="ValidationtNavBar" finished-at="2020-10-28T18:21:09 IST" duration-ms="660" status="PASS">
          <reporter-output>
          </reporter-output>
        </test-method> <!-- ValidationtNavBar -->
        <test-method is-config="true" signature="vuserend()[pri:0, instance:Academy.E2EProjct.validatenavbar@3676ac27]" started-at="2020-10-28T18:21:09 IST" name="vuserend" finished-at="2020-10-28T18:21:10 IST" duration-ms="222" status="PASS">
          <reporter-output>
          </reporter-output>
        </test-method> <!-- vuserend -->
      </class> <!-- Academy.E2EProjct.validatenavbar -->
    </test> <!-- validating nav bar -->
    <test started-at="2020-10-28T18:20:51 IST" name="Validating title in the Page" finished-at="2020-10-28T18:21:11 IST" duration-ms="19818">
      <class name="Academy.E2EProjct.validateText">
        <test-method is-config="true" signature="vuserinit()[pri:0, instance:Academy.E2EProjct.validateText@d59970a]" started-at="2020-10-28T18:20:51 IST" name="vuserinit" finished-at="2020-10-28T18:21:07 IST" duration-ms="16164" status="PASS">
          <reporter-output>
          </reporter-output>
        </test-method> <!-- vuserinit -->
        <test-method signature="validationText()[pri:0, instance:Academy.E2EProjct.validateText@d59970a]" started-at="2020-10-28T18:21:07 IST" name="validationText" finished-at="2020-10-28T18:21:10 IST" duration-ms="2677" status="FAIL">
          <exception class="java.lang.AssertionError">
            <message>
              <![CDATA[expected [Learn Earn & Shine1] but found [Learn Earn & Shine]]]>
            </message>
            <full-stacktrace>
              <![CDATA[java.lang.AssertionError: expected [Learn Earn & Shine1] but found [Learn Earn & Shine]
at org.testng.Assert.fail(Assert.java:99)
at org.testng.Assert.failNotEquals(Assert.java:1037)
at org.testng.Assert.assertEqualsImpl(Assert.java:140)
at org.testng.Assert.assertEquals(Assert.java:122)
at org.testng.Assert.assertEquals(Assert.java:629)
at org.testng.Assert.assertEquals(Assert.java:639)
at Academy.E2EProjct.validateText.validationText(validateText.java:39)
at java.base/jdk.internal.reflect.NativeMethodAccessorImpl.invoke0(Native Method)
at java.base/jdk.internal.reflect.NativeMethodAccessorImpl.invoke(NativeMethodAccessorImpl.java:62)
at java.base/jdk.internal.reflect.DelegatingMethodAccessorImpl.invoke(DelegatingMethodAccessorImpl.java:43)
at java.base/java.lang.reflect.Method.invoke(Method.java:566)
at org.testng.internal.MethodInvocationHelper.invokeMethod(MethodInvocationHelper.java:132)
at org.testng.internal.TestInvoker.invokeMethod(TestInvoker.java:599)
at org.testng.internal.TestInvoker.invokeTestMethod(TestInvoker.java:174)
at org.testng.internal.MethodRunner.runInSequence(MethodRunner.java:46)
at org.testng.internal.TestInvoker$MethodInvocationAgent.invoke(TestInvoker.java:822)
at org.testng.internal.TestInvoker.invokeTestMethods(TestInvoker.java:147)
at org.testng.internal.TestMethodWorker.invokeTestMethods(TestMethodWorker.java:146)
at org.testng.internal.TestMethodWorker.run(TestMethodWorker.java:128)
at java.base/java.util.ArrayList.forEach(ArrayList.java:1541)
at org.testng.TestRunner.privateRun(TestRunner.java:764)
at org.testng.TestRunner.run(TestRunner.java:585)
at org.testng.SuiteRunner.runTest(SuiteRunner.java:384)
at org.testng.SuiteRunner.access$000(SuiteRunner.java:28)
at org.testng.SuiteRunner$SuiteWorker.run(SuiteRunner.java:425)
at org.testng.internal.thread.ThreadUtil.lambda$execute$0(ThreadUtil.java:66)
at java.base/java.util.concurrent.FutureTask.run(FutureTask.java:264)
at java.base/java.util.concurrent.ThreadPoolExecutor.runWorker(ThreadPoolExecutor.java:1128)
at java.base/java.util.concurrent.ThreadPoolExecutor$Worker.run(ThreadPoolExecutor.java:628)
at java.base/java.lang.Thread.run(Thread.java:834)
]]>
            </full-stacktrace>
          </exception> <!-- java.lang.AssertionError -->
          <reporter-output>
          </reporter-output>
        </test-method> <!-- validationText -->
        <test-method is-config="true" signature="vuserend()[pri:0, instance:Academy.E2EProjct.validateText@d59970a]" started-at="2020-10-28T18:21:11 IST" name="vuserend" finished-at="2020-10-28T18:21:11 IST" duration-ms="72" status="PASS">
          <reporter-output>
          </reporter-output>
        </test-method> <!-- vuserend -->
      </class> <!-- Academy.E2EProjct.validateText -->
    </test> <!-- Validating title in the Page -->
    <test started-at="2020-10-28T18:20:51 IST" name="Validating User login" finished-at="2020-10-28T18:22:07 IST" duration-ms="75429">
      <class name="Academy.E2EProjct.hompage">
        <test-method is-config="true" signature="vuserinit()[pri:0, instance:Academy.E2EProjct.hompage@23c388c2]" started-at="2020-10-28T18:20:51 IST" name="vuserinit" finished-at="2020-10-28T18:20:58 IST" duration-ms="6706" status="PASS">
          <reporter-output>
          </reporter-output>
        </test-method> <!-- vuserinit -->
        <test-method signature="basepagenavigation(java.lang.String, java.lang.String, java.lang.String)[pri:0, instance:Academy.E2EProjct.hompage@23c388c2]" started-at="2020-10-28T18:20:58 IST" name="basepagenavigation" data-provider="getdata" finished-at="2020-10-28T18:21:21 IST" duration-ms="23371" status="PASS">
          <params>
            <param index="0">
              <value>
                <![CDATA[nonrestriceduse@mail.com]]>
              </value>
            </param>
            <param index="1">
              <value>
                <![CDATA[pwd123]]>
              </value>
            </param>
            <param index="2">
              <value>
                <![CDATA[nonrestriced user]]>
              </value>
            </param>
          </params>
          <reporter-output>
          </reporter-output>
        </test-method> <!-- basepagenavigation -->
        <test-method signature="basepagenavigation(java.lang.String, java.lang.String, java.lang.String)[pri:0, instance:Academy.E2EProjct.hompage@23c388c2]" started-at="2020-10-28T18:21:21 IST" name="basepagenavigation" data-provider="getdata" finished-at="2020-10-28T18:21:36 IST" duration-ms="14845" status="PASS">
          <params>
            <param index="0">
              <value>
                <![CDATA[restricteduser@mail.com]]>
              </value>
            </param>
            <param index="1">
              <value>
                <![CDATA[pwd456]]>
              </value>
            </param>
            <param index="2">
              <value>
                <![CDATA[restriced user]]>
              </value>
            </param>
          </params>
          <reporter-output>
          </reporter-output>
        </test-method> <!-- basepagenavigation -->
        <test-method signature="basepagenavigation(java.lang.String, java.lang.String, java.lang.String)[pri:0, instance:Academy.E2EProjct.hompage@23c388c2]" started-at="2020-10-28T18:21:36 IST" name="basepagenavigation" data-provider="getdata" finished-at="2020-10-28T18:21:51 IST" duration-ms="14862" status="PASS">
          <params>
            <param index="0">
              <value>
                <![CDATA[nonrestricteduser@mail.com]]>
              </value>
            </param>
            <param index="1">
              <value>
                <![CDATA[pwd789]]>
              </value>
            </param>
            <param index="2">
              <value>
                <![CDATA[nonrestriced user]]>
              </value>
            </param>
          </params>
          <reporter-output>
          </reporter-output>
        </test-method> <!-- basepagenavigation -->
        <test-method signature="basepagenavigation(java.lang.String, java.lang.String, java.lang.String)[pri:0, instance:Academy.E2EProjct.hompage@23c388c2]" started-at="2020-10-28T18:21:51 IST" name="basepagenavigation" data-provider="getdata" finished-at="2020-10-28T18:22:06 IST" duration-ms="15519" status="PASS">
          <params>
            <param index="0">
              <value>
                <![CDATA[nouserdata@mail.com]]>
              </value>
            </param>
            <param index="1">
              <value>
                <![CDATA[12333]]>
              </value>
            </param>
            <param index="2">
              <value>
                <![CDATA[nouser data]]>
              </value>
            </param>
          </params>
          <reporter-output>
          </reporter-output>
        </test-method> <!-- basepagenavigation -->
        <test-method is-config="true" signature="vuserend()[pri:0, instance:Academy.E2EProjct.hompage@23c388c2]" started-at="2020-10-28T18:22:06 IST" name="vuserend" finished-at="2020-10-28T18:22:07 IST" duration-ms="75" status="PASS">
          <reporter-output>
          </reporter-output>
        </test-method> <!-- vuserend -->
      </class> <!-- Academy.E2EProjct.hompage -->
    </test> <!-- Validating User login -->
  </suite> <!-- Suite -->
  <suite started-at="2020-10-28T18:22:07 IST" name="Suite (0)" finished-at="2020-10-28T18:22:59 IST" duration-ms="52271">
    <groups>
      <group name="cucumber">
        <method signature="AbstractTestNGCucumberTests.feature(cucumber.api.testng.CucumberFeatureWrapper)[pri:0, instance:cucmberOptions.TestRunner@7fae4d4a]" name="feature" class="cucumber.api.testng.AbstractTestNGCucumberTests"/>
      </group> <!-- cucumber -->
    </groups>
    <test started-at="2020-10-28T18:22:07 IST" name="Cumcumber test" finished-at="2020-10-28T18:22:59 IST" duration-ms="52271">
      <class name="cucmberOptions.TestRunner">
        <test-method is-config="true" signature="setUpClass()[pri:0, instance:cucmberOptions.TestRunner@7fae4d4a]" started-at="2020-10-28T18:22:07 IST" name="setUpClass" finished-at="2020-10-28T18:22:07 IST" duration-ms="204" status="PASS">
          <reporter-output>
          </reporter-output>
        </test-method> <!-- setUpClass -->
        <test-method signature="feature(cucumber.api.testng.CucumberFeatureWrapper)[pri:0, instance:cucmberOptions.TestRunner@7fae4d4a]" started-at="2020-10-28T18:22:07 IST" name="feature" description="Runs Cucumber Feature" data-provider="features" finished-at="2020-10-28T18:22:59 IST" duration-ms="51968" status="PASS">
          <params>
            <param index="0">
              <value>
                <![CDATA[Login into Application]]>
              </value>
            </param>
          </params>
          <reporter-output>
          </reporter-output>
        </test-method> <!-- feature -->
        <test-method is-config="true" signature="tearDownClass()[pri:0, instance:cucmberOptions.TestRunner@7fae4d4a]" started-at="2020-10-28T18:22:59 IST" name="tearDownClass" finished-at="2020-10-28T18:22:59 IST" duration-ms="5" status="PASS">
          <reporter-output>
          </reporter-output>
        </test-method> <!-- tearDownClass -->
      </class> <!-- cucmberOptions.TestRunner -->
    </test> <!-- Cumcumber test -->
  </suite> <!-- Suite (0) -->
</testng-results>
